<?xml version="1.0" encoding="UTF-8"?>
<testng-results ignored="0" total="8" passed="7" failed="1" skipped="0">
  <reporter-output>
  </reporter-output>
  <suite started-at="2023-03-03T12:27:41 IST" name="Suite" finished-at="2023-03-03T12:30:40 IST" duration-ms="179355">
    <groups>
      <group name="cucumber">
        <method signature="AbstractTestNGCucumberTests.runScenario(io.cucumber.testng.PickleWrapper,io.cucumber.testng.FeatureWrapper)[pri:0, instance:com.wipro.testcases.AddAddress@26abb146]" name="runScenario" class="io.cucumber.testng.AbstractTestNGCucumberTests"/>
      </group> <!-- cucumber -->
    </groups>
    <test started-at="2023-03-03T12:27:41 IST" name="Test" finished-at="2023-03-03T12:30:40 IST" duration-ms="179355">
      <class name="com.wipro.testcases.PlaceOrder">
        <test-method is-config="true" signature="beforeClass()[pri:0, instance:com.wipro.testcases.PlaceOrder@72c8e7b]" started-at="2023-03-03T12:28:46 IST" name="beforeClass" finished-at="2023-03-03T12:28:52 IST" duration-ms="5615" status="PASS">
          <reporter-output>
          </reporter-output>
        </test-method> <!-- beforeClass -->
        <test-method signature="loginTest(java.lang.String,java.lang.String)[pri:0, instance:com.wipro.testcases.PlaceOrder@72c8e7b]" started-at="2023-03-03T12:28:52 IST" name="loginTest" data-provider="dp" finished-at="2023-03-03T12:28:56 IST" duration-ms="4768" status="PASS">
          <params>
            <param index="0">
              <value>
                <![CDATA[v21@gmail.com]]>
              </value>
            </param>
            <param index="1">
              <value>
                <![CDATA[v12345]]>
              </value>
            </param>
          </params>
          <reporter-output>
          </reporter-output>
        </test-method> <!-- loginTest -->
        <test-method signature="selectProduct()[pri:1, instance:com.wipro.testcases.PlaceOrder@72c8e7b]" started-at="2023-03-03T12:28:56 IST" name="selectProduct" finished-at="2023-03-03T12:29:51 IST" duration-ms="54207" status="PASS">
          <reporter-output>
          </reporter-output>
        </test-method> <!-- selectProduct -->
        <test-method signature="logOut()[pri:2, instance:com.wipro.testcases.PlaceOrder@72c8e7b]" started-at="2023-03-03T12:29:51 IST" name="logOut" finished-at="2023-03-03T12:29:58 IST" duration-ms="7473" status="PASS">
          <reporter-output>
          </reporter-output>
        </test-method> <!-- logOut -->
        <test-method is-config="true" signature="afterClass()[pri:0, instance:com.wipro.testcases.PlaceOrder@72c8e7b]" started-at="2023-03-03T12:29:58 IST" name="afterClass" finished-at="2023-03-03T12:30:03 IST" duration-ms="5375" status="PASS">
          <reporter-output>
          </reporter-output>
        </test-method> <!-- afterClass -->
      </class> <!-- com.wipro.testcases.PlaceOrder -->
      <class name="com.wipro.testcases.Registration">
        <test-method is-config="true" signature="beforeClass()[pri:0, instance:com.wipro.testcases.Registration@15a34df2]" started-at="2023-03-03T12:27:41 IST" name="beforeClass" finished-at="2023-03-03T12:27:46 IST" duration-ms="5585" status="PASS">
          <reporter-output>
          </reporter-output>
        </test-method> <!-- beforeClass -->
        <test-method signature="register(java.lang.String,java.lang.String,java.lang.String,java.lang.String,java.lang.String)[pri:0, instance:com.wipro.testcases.Registration@15a34df2]" started-at="2023-03-03T12:27:47 IST" name="register" data-provider="dp" finished-at="2023-03-03T12:28:04 IST" duration-ms="17432" status="FAIL">
          <params>
            <param index="0">
              <value>
                <![CDATA[venu]]>
              </value>
            </param>
            <param index="1">
              <value>
                <![CDATA[sonu]]>
              </value>
            </param>
            <param index="2">
              <value>
                <![CDATA[v21@gmail.com]]>
              </value>
            </param>
            <param index="3">
              <value>
                <![CDATA[v12345]]>
              </value>
            </param>
            <param index="4">
              <value>
                <![CDATA[v12345]]>
              </value>
            </param>
          </params>
          <exception class="java.lang.AssertionError">
            <message>
              <![CDATA[expected [true] but found [false]]]>
            </message>
            <full-stacktrace>
              <![CDATA[java.lang.AssertionError: expected [true] but found [false]
at org.testng.Assert.fail(Assert.java:99)
at org.testng.Assert.failNotEquals(Assert.java:1037)
at org.testng.Assert.assertTrue(Assert.java:45)
at org.testng.Assert.assertTrue(Assert.java:55)
at com.wipro.testcases.Registration.register(Registration.java:30)
at java.base/jdk.internal.reflect.NativeMethodAccessorImpl.invoke0(Native Method)
at java.base/jdk.internal.reflect.NativeMethodAccessorImpl.invoke(NativeMethodAccessorImpl.java:77)
at java.base/jdk.internal.reflect.DelegatingMethodAccessorImpl.invoke(DelegatingMethodAccessorImpl.java:43)
at java.base/java.lang.reflect.Method.invoke(Method.java:568)
at org.testng.internal.MethodInvocationHelper.invokeMethod(MethodInvocationHelper.java:133)
at org.testng.internal.TestInvoker.invokeMethod(TestInvoker.java:598)
at org.testng.internal.TestInvoker.invokeTestMethod(TestInvoker.java:173)
at org.testng.internal.MethodRunner.runInSequence(MethodRunner.java:46)
at org.testng.internal.TestInvoker$MethodInvocationAgent.invoke(TestInvoker.java:824)
at org.testng.internal.TestInvoker.invokeTestMethods(TestInvoker.java:146)
at org.testng.internal.TestMethodWorker.invokeTestMethods(TestMethodWorker.java:146)
at org.testng.internal.TestMethodWorker.run(TestMethodWorker.java:128)
at java.base/java.util.ArrayList.forEach(ArrayList.java:1511)
at org.testng.TestRunner.privateRun(TestRunner.java:794)
at org.testng.TestRunner.run(TestRunner.java:596)
at org.testng.SuiteRunner.runTest(SuiteRunner.java:377)
at org.testng.SuiteRunner.runSequentially(SuiteRunner.java:371)
at org.testng.SuiteRunner.privateRun(SuiteRunner.java:332)
at org.testng.SuiteRunner.run(SuiteRunner.java:276)
at org.testng.SuiteRunnerWorker.runSuite(SuiteRunnerWorker.java:53)
at org.testng.SuiteRunnerWorker.run(SuiteRunnerWorker.java:96)
at org.testng.TestNG.runSuitesSequentially(TestNG.java:1212)
at org.testng.TestNG.runSuitesLocally(TestNG.java:1134)
at org.testng.TestNG.runSuites(TestNG.java:1063)
at org.testng.TestNG.run(TestNG.java:1031)
at org.testng.remote.AbstractRemoteTestNG.run(AbstractRemoteTestNG.java:115)
at org.testng.remote.RemoteTestNG.initAndRun(RemoteTestNG.java:251)
at org.testng.remote.RemoteTestNG.main(RemoteTestNG.java:77)
]]>
            </full-stacktrace>
          </exception> <!-- java.lang.AssertionError -->
          <reporter-output>
          </reporter-output>
        </test-method> <!-- register -->
        <test-method is-config="true" signature="afterClass()[pri:0, instance:com.wipro.testcases.Registration@15a34df2]" started-at="2023-03-03T12:28:04 IST" name="afterClass" finished-at="2023-03-03T12:28:10 IST" duration-ms="5460" status="PASS">
          <reporter-output>
          </reporter-output>
        </test-method> <!-- afterClass -->
      </class> <!-- com.wipro.testcases.Registration -->
      <class name="com.wipro.testcases.AddAddress">
        <test-method is-config="true" signature="setUpClass(org.testng.ITestContext)[pri:0, instance:com.wipro.testcases.AddAddress@26abb146]" started-at="2023-03-03T12:28:10 IST" name="setUpClass" finished-at="2023-03-03T12:28:10 IST" duration-ms="225" status="PASS">
          <params>
            <param index="0">
              <value>
                <![CDATA[org.testng.TestRunner@22a4ca4a]]>
              </value>
            </param>
          </params>
          <reporter-output>
          </reporter-output>
        </test-method> <!-- setUpClass -->
        <test-method signature="runScenario(io.cucumber.testng.PickleWrapper,io.cucumber.testng.FeatureWrapper)[pri:0, instance:com.wipro.testcases.AddAddress@26abb146]" started-at="2023-03-03T12:28:10 IST" name="runScenario" description="Runs Cucumber Scenarios" data-provider="scenarios" finished-at="2023-03-03T12:28:46 IST" duration-ms="35816" status="PASS">
          <params>
            <param index="0">
              <value>
                <![CDATA["To validate add address functionality"]]>
              </value>
            </param>
            <param index="1">
              <value>
                <![CDATA["Add Address"]]>
              </value>
            </param>
          </params>
          <reporter-output>
          </reporter-output>
        </test-method> <!-- runScenario -->
        <test-method is-config="true" signature="tearDownClass()[pri:0, instance:com.wipro.testcases.AddAddress@26abb146]" started-at="2023-03-03T12:28:46 IST" name="tearDownClass" finished-at="2023-03-03T12:28:46 IST" duration-ms="8" status="PASS">
          <reporter-output>
          </reporter-output>
        </test-method> <!-- tearDownClass -->
      </class> <!-- com.wipro.testcases.AddAddress -->
      <class name="com.wipro.testcases.ValidateMenu">
        <test-method is-config="true" signature="beforeClass()[pri:0, instance:com.wipro.testcases.ValidateMenu@38467116]" started-at="2023-03-03T12:30:03 IST" name="beforeClass" finished-at="2023-03-03T12:30:10 IST" duration-ms="6524" status="PASS">
          <reporter-output>
          </reporter-output>
        </test-method> <!-- beforeClass -->
        <test-method signature="loginTest(java.lang.String,java.lang.String)[pri:0, instance:com.wipro.testcases.ValidateMenu@38467116]" started-at="2023-03-03T12:30:10 IST" name="loginTest" data-provider="dp" finished-at="2023-03-03T12:30:15 IST" duration-ms="4635" status="PASS">
          <params>
            <param index="0">
              <value>
                <![CDATA[v21@gmail.com]]>
              </value>
            </param>
            <param index="1">
              <value>
                <![CDATA[v12345]]>
              </value>
            </param>
          </params>
          <reporter-output>
          </reporter-output>
        </test-method> <!-- loginTest -->
        <test-method signature="validateMenuTest()[pri:1, instance:com.wipro.testcases.ValidateMenu@38467116]" started-at="2023-03-03T12:30:15 IST" name="validateMenuTest" finished-at="2023-03-03T12:30:28 IST" duration-ms="13297" status="PASS">
          <reporter-output>
          </reporter-output>
        </test-method> <!-- validateMenuTest -->
        <test-method signature="logOut()[pri:2, instance:com.wipro.testcases.ValidateMenu@38467116]" started-at="2023-03-03T12:30:28 IST" name="logOut" finished-at="2023-03-03T12:30:34 IST" duration-ms="6514" status="PASS">
          <reporter-output>
          </reporter-output>
        </test-method> <!-- logOut -->
        <test-method is-config="true" signature="afterClass()[pri:0, instance:com.wipro.testcases.ValidateMenu@38467116]" started-at="2023-03-03T12:30:34 IST" name="afterClass" finished-at="2023-03-03T12:30:40 IST" duration-ms="5407" status="PASS">
          <reporter-output>
          </reporter-output>
        </test-method> <!-- afterClass -->
      </class> <!-- com.wipro.testcases.ValidateMenu -->
    </test> <!-- Test -->
  </suite> <!-- Suite -->
</testng-results>
